* [20.216][2022-03-08 16:41:51][Default]
* [20.22.1][2023-01-12 15:01:49][Default]
* [2024.03.14][2024-03-14 17:59:36][Default]
* [2024.03.14][2024-03-14 18:03:58][Default]
* [2024.03.14][2024-03-14 18:08:23][Default]
* [2024.03.14][2024-03-14 18:32:42][Default]
* [2024.03.14][2024-03-14 18:36:53][Default]
depth(0)
scope(12)
mp(0)
timer(.f.)
* [2024.03.14][2024-03-14 18:39:04][Default]
* [2024.03.14][2024-03-14 18:42:11][Default]
* [2024.03.14][2024-03-14 18:45:27][Default]
* [2024.03.14][2024-03-14 18:47:44][Default]
* [2024.03.14][2024-03-14 18:48:42][Default]
* [2024.03.14][2024-03-14 18:51:23][Default]
depth(0)
scope(12)
mp(0)
timer(.f.)
depth(0)
scope(12)
mp(0)
timer(.f.)
* [2024.03.14][2024-03-14 18:56:53][Default]
depth(0)
scope(12)
mp(0)
timer(.f.)
depth(0)
scope(12)
mp(0)
timer(.f.)
* [2024.05.24][2024-05-24 15:39:29][Default]
* [2024.05.26][2024-05-27 14:40:37][Default]
